<?xml version="1.0" encoding="UTF-8"?>
<testsuite name="test.CoffeeMachineTest" tests="1" skipped="0" failures="0" errors="0" timestamp="2021-02-07T06:45:22" hostname="W00000PC14DY85" time="5.167">
  <properties/>
  <testcase name="coffeeMachieTest" classname="test.CoffeeMachineTest" time="5.167"/>
  <system-out><![CDATA[hot_coffee is ready for you!!
milk_tea Option not available!!!
cold_tea Option not available!!!

black_tea is ready for you!!

milk_tea Option not available!!!
green_tea cannot be prepared as sugar_syrup is not available!!

green_tea cannot be prepared as green_mixture is not available!!

hot_milk is low in quantity, needs refill!!
hot_milk is now added back!!
sugar_syrup is low in quantity, needs refill!!
sugar_syrup is now added back!!
hot_water is low in quantity, needs refill!!
hot_water is now added back!!
black_tea is ready for you!!

milk_tea is ready for you!!

ginger_syrup is low in quantity, needs refill!!
ginger_syrup is now added back!!
]]></system-out>
  <system-err><![CDATA[]]></system-err>
</testsuite>
